# JRE version: OpenJDK Runtime Environment Temurin-17.0.3+7 (17.0.3+7) (build 17.0.3+7)
# Java VM: OpenJDK 64-Bit Server VM Temurin-17.0.3+7 (17.0.3+7, mixed mode, sharing, tiered, compressed oops, compressed class ptrs, g1 gc, windows-amd64)
GC Precious Log:
 CPUs: 4 total, 4 available
 Memory: 8110M
 Large Page Support: Disabled
 NUMA Support: Disabled
 Compressed Oops: Enabled (32-bit)
 Heap Region Size: 1M
 Heap Min Capacity: 8M
 Heap Initial Capacity: 128M
 Heap Max Capacity: 2028M
 Pre-touch: Disabled
 Parallel Workers: 4
 Concurrent Workers: 1
 Concurrent Refinement Workers: 4
 Periodic GC: Disabled
Heap:
 garbage-first heap   total 157696K, used 98916K [0x0000000081400000, 0x0000000100000000)
  region size 1024K, 4 young (4096K), 4 survivors (4096K)
 Metaspace       used 29617K, committed 29952K, reserved 1081344K
  class space    used 3223K, committed 3392K, reserved 1048576K
GC Heap History (20 events):
Event: 3.301 GC heap after
{Heap after GC invocations=4 (full 0):
 garbage-first heap   total 131072K, used 17166K [0x0000000081400000, 0x0000000100000000)
  region size 1024K, 8 young (8192K), 8 survivors (8192K)
 Metaspace       used 12858K, committed 13056K, reserved 1064960K
  class space    used 1430K, committed 1536K, reserved 1048576K
}
Event: 4.244 GC heap before
{Heap before GC invocations=4 (full 0):
 garbage-first heap   total 131072K, used 86798K [0x0000000081400000, 0x0000000100000000)
  region size 1024K, 76 young (77824K), 8 survivors (8192K)
 Metaspace       used 14557K, committed 14720K, reserved 1064960K
  class space    used 1596K, committed 1664K, reserved 1048576K
}
Event: 4.258 GC heap after
{Heap after GC invocations=5 (full 0):
 garbage-first heap   total 131072K, used 27507K [0x0000000081400000, 0x0000000100000000)
  region size 1024K, 10 young (10240K), 10 survivors (10240K)
 Metaspace       used 14557K, committed 14720K, reserved 1064960K
  class space    used 1596K, committed 1664K, reserved 1048576K
}
Event: 4.622 GC heap before
{Heap before GC invocations=5 (full 0):
 garbage-first heap   total 131072K, used 93043K [0x0000000081400000, 0x0000000100000000)
  region size 1024K, 74 young (75776K), 10 survivors (10240K)
 Metaspace       used 14701K, committed 14912K, reserved 1064960K
  class space    used 1597K, committed 1728K, reserved 1048576K
}
Event: 4.637 GC heap after
{Heap after GC invocations=6 (full 0):
 garbage-first heap   total 131072K, used 37771K [0x0000000081400000, 0x0000000100000000)
  region size 1024K, 10 young (10240K), 10 survivors (10240K)
 Metaspace       used 14701K, committed 14912K, reserved 1064960K
  class space    used 1597K, committed 1728K, reserved 1048576K
}
Event: 5.259 GC heap before
{Heap before GC invocations=6 (full 0):
 garbage-first heap   total 131072K, used 94091K [0x0000000081400000, 0x0000000100000000)
  region size 1024K, 65 young (66560K), 10 survivors (10240K)
 Metaspace       used 16291K, committed 16576K, reserved 1064960K
  class space    used 1762K, committed 1856K, reserved 1048576K
}
Event: 5.272 GC heap after
{Heap after GC invocations=7 (full 0):
 garbage-first heap   total 157696K, used 44032K [0x0000000081400000, 0x0000000100000000)
  region size 1024K, 7 young (7168K), 7 survivors (7168K)
 Metaspace       used 16291K, committed 16576K, reserved 1064960K
  class space    used 1762K, committed 1856K, reserved 1048576K
}
Event: 6.420 GC heap before
{Heap before GC invocations=7 (full 0):
 garbage-first heap   total 157696K, used 113664K [0x0000000081400000, 0x0000000100000000)
  region size 1024K, 71 young (72704K), 7 survivors (7168K)
 Metaspace       used 18683K, committed 19008K, reserved 1073152K
  class space    used 2015K, committed 2176K, reserved 1048576K
}
Event: 6.431 GC heap after
{Heap after GC invocations=8 (full 0):
 garbage-first heap   total 157696K, used 58368K [0x0000000081400000, 0x0000000100000000)
  region size 1024K, 9 young (9216K), 9 survivors (9216K)
 Metaspace       used 18683K, committed 19008K, reserved 1073152K
  class space    used 2015K, committed 2176K, reserved 1048576K
}
Event: 6.708 GC heap before
{Heap before GC invocations=8 (full 0):
 garbage-first heap   total 157696K, used 114688K [0x0000000081400000, 0x0000000100000000)
  region size 1024K, 64 young (65536K), 9 survivors (9216K)
 Metaspace       used 18966K, committed 19200K, reserved 1073152K
  class space    used 2045K, committed 2176K, reserved 1048576K
}
Event: 6.719 GC heap after
{Heap after GC invocations=9 (full 0):
 garbage-first heap   total 157696K, used 67042K [0x0000000081400000, 0x0000000100000000)
  region size 1024K, 8 young (8192K), 8 survivors (8192K)
 Metaspace       used 18966K, committed 19200K, reserved 1073152K
  class space    used 2045K, committed 2176K, reserved 1048576K
}
Event: 7.263 GC heap before
{Heap before GC invocations=9 (full 0):
 garbage-first heap   total 157696K, used 115170K [0x0000000081400000, 0x0000000100000000)
  region size 1024K, 55 young (56320K), 8 survivors (8192K)
 Metaspace       used 19249K, committed 19520K, reserved 1073152K
  class space    used 2067K, committed 2176K, reserved 1048576K
}
Event: 7.274 GC heap after
{Heap after GC invocations=10 (full 0):
 garbage-first heap   total 157696K, used 76288K [0x0000000081400000, 0x0000000100000000)
  region size 1024K, 7 young (7168K), 7 survivors (7168K)
 Metaspace       used 19249K, committed 19520K, reserved 1073152K
  class space    used 2067K, committed 2176K, reserved 1048576K
}
Event: 7.808 GC heap before
{Heap before GC invocations=10 (full 0):
 garbage-first heap   total 157696K, used 94720K [0x0000000081400000, 0x0000000100000000)
  region size 1024K, 24 young (24576K), 7 survivors (7168K)
 Metaspace       used 21242K, committed 21504K, reserved 1073152K
  class space    used 2305K, committed 2432K, reserved 1048576K
}
Event: 7.815 GC heap after
{Heap after GC invocations=11 (full 0):
 garbage-first heap   total 157696K, used 79324K [0x0000000081400000, 0x0000000100000000)
  region size 1024K, 2 young (2048K), 2 survivors (2048K)
 Metaspace       used 21242K, committed 21504K, reserved 1073152K
  class space    used 2305K, committed 2432K, reserved 1048576K
}
Event: 9.383 GC heap before
{Heap before GC invocations=12 (full 0):
 garbage-first heap   total 157696K, used 125404K [0x0000000081400000, 0x0000000100000000)
  region size 1024K, 44 young (45056K), 2 survivors (2048K)
 Metaspace       used 27310K, committed 27648K, reserved 1073152K
  class space    used 3015K, committed 3200K, reserved 1048576K
}
Event: 9.395 GC heap after
{Heap after GC invocations=13 (full 0):
 garbage-first heap   total 157696K, used 95232K [0x0000000081400000, 0x0000000100000000)
  region size 1024K, 6 young (6144K), 6 survivors (6144K)
 Metaspace       used 27310K, committed 27648K, reserved 1073152K
  class space    used 3015K, committed 3200K, reserved 1048576K
}
Event: 9.397 GC heap before
{Heap before GC invocations=13 (full 0):
 garbage-first heap   total 157696K, used 96256K [0x0000000081400000, 0x0000000100000000)
  region size 1024K, 7 young (7168K), 6 survivors (6144K)
 Metaspace       used 27311K, committed 27648K, reserved 1073152K
  class space    used 3015K, committed 3200K, reserved 1048576K
}
Event: 9.402 GC heap after
{Heap after GC invocations=14 (full 0):
 garbage-first heap   total 157696K, used 96151K [0x0000000081400000, 0x0000000100000000)
  region size 1024K, 1 young (1024K), 1 survivors (1024K)
 Metaspace       used 27311K, committed 27648K, reserved 1073152K
  class space    used 3015K, committed 3200K, reserved 1048576K
}
Event: 10.054 GC heap before
{Heap before GC invocations=14 (full 0):
 garbage-first heap   total 157696K, used 124823K [0x0000000081400000, 0x0000000100000000)
  region size 1024K, 29 young (29696K), 1 survivors (1024K)
 Metaspace       used 29617K, committed 29952K, reserved 1081344K
  class space    used 3223K, committed 3392K, reserved 1048576K
}

